[debug] [2024-01-02T22:37:06.385Z] ----------------------------------------------------------------------
[debug] [2024-01-02T22:37:06.436Z] Command:       /usr/local/bin/firebase /Users/jessezac/.cache/firebase/tools/lib/node_modules/firebase-tools/lib/bin/firebase init
[debug] [2024-01-02T22:37:06.455Z] CLI Version:   13.0.2
[debug] [2024-01-02T22:37:06.468Z] Platform:      darwin
[debug] [2024-01-02T22:37:06.469Z] Node Version:  v18.5.0
[debug] [2024-01-02T22:37:06.473Z] Time:          Tue Jan 02 2024 22:37:06 GMT+0000 (Greenwich Mean Time)
[debug] [2024-01-02T22:37:06.486Z] ----------------------------------------------------------------------
[debug] 
[debug] [2024-01-02T22:37:06.624Z] > command requires scopes: ["email","openid","https://www.googleapis.com/auth/cloudplatformprojects.readonly","https://www.googleapis.com/auth/firebase","https://www.googleapis.com/auth/cloud-platform"]
[debug] [2024-01-02T22:37:06.639Z] > authorizing via signed-in user (jessefarouk@gmail.com)
[info] 
     ######## #### ########  ######## ########     ###     ######  ########
     ##        ##  ##     ## ##       ##     ##  ##   ##  ##       ##
     ######    ##  ########  ######   ########  #########  ######  ######
     ##        ##  ##    ##  ##       ##     ## ##     ##       ## ##
     ##       #### ##     ## ######## ########  ##     ##  ######  ########

You're about to initialize a Firebase project in this directory:

  /Users/jessezac/PycharmProjects/hmrgFarms

[info] 
=== Project Setup
[info] 
[info] First, let's associate this project directory with a Firebase project.
[info] You can create multiple project aliases by running firebase use --add, 
[info] but for now we'll just set up a default project.
[info] 
[debug] [2024-01-02T22:37:34.688Z] >>> [apiv2][query] GET https://firebase.googleapis.com/v1beta1/projects pageSize=100
[debug] [2024-01-02T22:37:37.177Z] <<< [apiv2][status] GET https://firebase.googleapis.com/v1beta1/projects 200
[debug] [2024-01-02T22:37:37.178Z] <<< [apiv2][body] GET https://firebase.googleapis.com/v1beta1/projects [omitted]
[info] i  Using project hmrg-farms (hmrg-farms) 
[info] 
=== Database Setup
[info] i  database: ensuring required API firebasedatabase.googleapis.com is enabled... 
[debug] [2024-01-02T22:37:39.165Z] >>> [apiv2][query] GET https://serviceusage.googleapis.com/v1/projects/hmrg-farms/services/firebasedatabase.googleapis.com [none]
[debug] [2024-01-02T22:37:39.165Z] >>> [apiv2][(partial)header] GET https://serviceusage.googleapis.com/v1/projects/hmrg-farms/services/firebasedatabase.googleapis.com x-goog-quota-user=projects/hmrg-farms
[debug] [2024-01-02T22:37:40.819Z] <<< [apiv2][status] GET https://serviceusage.googleapis.com/v1/projects/hmrg-farms/services/firebasedatabase.googleapis.com 200
[debug] [2024-01-02T22:37:40.819Z] <<< [apiv2][body] GET https://serviceusage.googleapis.com/v1/projects/hmrg-farms/services/firebasedatabase.googleapis.com [omitted]
[info] ✔  database: required API firebasedatabase.googleapis.com is enabled 
[info] 
[debug] [2024-01-02T22:37:40.822Z] >>> [apiv2][query] GET https://firebasedatabase.googleapis.com/v1beta/projects/hmrg-farms/locations/-/instances/hmrg-farms-default-rtdb [none]
[debug] [2024-01-02T22:37:42.441Z] <<< [apiv2][status] GET https://firebasedatabase.googleapis.com/v1beta/projects/hmrg-farms/locations/-/instances/hmrg-farms-default-rtdb 200
[debug] [2024-01-02T22:37:42.442Z] <<< [apiv2][body] GET https://firebasedatabase.googleapis.com/v1beta/projects/hmrg-farms/locations/-/instances/hmrg-farms-default-rtdb {"name":"projects/400339782389/locations/us-central1/instances/hmrg-farms-default-rtdb","project":"projects/400339782389","databaseUrl":"https://hmrg-farms-default-rtdb.firebaseio.com","type":"DEFAULT_DATABASE","state":"ACTIVE"}
[info] 
[info] Firebase Realtime Database Security Rules allow you to define how your data should be
[info] structured and when your data can be read from and written to.
[info] 
[debug] [2024-01-02T22:37:49.110Z] >>> [apiv2][query] GET https://hmrg-farms-default-rtdb.firebaseio.com/.settings/rules.json [none]
[debug] [2024-01-02T22:37:50.880Z] <<< [apiv2][status] GET https://hmrg-farms-default-rtdb.firebaseio.com/.settings/rules.json 200
[debug] [2024-01-02T22:37:50.881Z] <<< [apiv2][body] GET https://hmrg-farms-default-rtdb.firebaseio.com/.settings/rules.json [stream]
[info] ✔  Database Rules for hmrg-farms-default-rtdb have been written to database.rules.json. 
[info] Future modifications to database.rules.json will update Realtime Database Security Rules when you run
[info] firebase deploy.
[info] 
=== Firestore Setup
[debug] [2024-01-02T22:37:50.898Z] >>> [apiv2][query] GET https://serviceusage.googleapis.com/v1/projects/hmrg-farms/services/firestore.googleapis.com [none]
[debug] [2024-01-02T22:37:50.898Z] >>> [apiv2][(partial)header] GET https://serviceusage.googleapis.com/v1/projects/hmrg-farms/services/firestore.googleapis.com x-goog-quota-user=projects/hmrg-farms
[debug] [2024-01-02T22:37:52.231Z] <<< [apiv2][status] GET https://serviceusage.googleapis.com/v1/projects/hmrg-farms/services/firestore.googleapis.com 200
[debug] [2024-01-02T22:37:52.232Z] <<< [apiv2][body] GET https://serviceusage.googleapis.com/v1/projects/hmrg-farms/services/firestore.googleapis.com [omitted]
[debug] [2024-01-02T22:37:52.233Z] >>> [apiv2][query] GET https://firestore.googleapis.com/v1/projects/hmrg-farms/databases/(default) [none]
[debug] [2024-01-02T22:37:53.805Z] <<< [apiv2][status] GET https://firestore.googleapis.com/v1/projects/hmrg-farms/databases/(default) 200
[debug] [2024-01-02T22:37:53.806Z] <<< [apiv2][body] GET https://firestore.googleapis.com/v1/projects/hmrg-farms/databases/(default) {"name":"projects/hmrg-farms/databases/(default)","uid":"c90c6772-3dd9-4b8c-90fa-10aa2199425a","createTime":"2024-01-02T22:30:04.326787Z","updateTime":"2024-01-02T22:30:04.326787Z","locationId":"nam5","type":"FIRESTORE_NATIVE","concurrencyMode":"PESSIMISTIC","versionRetentionPeriod":"3600s","earliestVersionTime":"2024-01-02T22:30:04.326787Z","appEngineIntegrationMode":"DISABLED","keyPrefix":"s","pointInTimeRecoveryEnablement":"POINT_IN_TIME_RECOVERY_DISABLED","deleteProtectionState":"DELETE_PROTECTION_DISABLED","etag":"IJqhsbLiv4MDMLunrPvgv4MD"}
[debug] [2024-01-02T22:37:53.817Z] database_type: FIRESTORE_NATIVE
[debug] [2024-01-02T22:37:53.818Z] > command requires scopes: ["email","openid","https://www.googleapis.com/auth/cloudplatformprojects.readonly","https://www.googleapis.com/auth/firebase","https://www.googleapis.com/auth/cloud-platform"]
[debug] [2024-01-02T22:37:53.818Z] > authorizing via signed-in user (jessefarouk@gmail.com)
[debug] [2024-01-02T22:37:53.819Z] [iam] checking project hmrg-farms for permissions ["firebase.projects.get"]
[debug] [2024-01-02T22:37:53.821Z] >>> [apiv2][query] POST https://cloudresourcemanager.googleapis.com/v1/projects/hmrg-farms:testIamPermissions [none]
[debug] [2024-01-02T22:37:53.821Z] >>> [apiv2][(partial)header] POST https://cloudresourcemanager.googleapis.com/v1/projects/hmrg-farms:testIamPermissions x-goog-quota-user=projects/hmrg-farms
[debug] [2024-01-02T22:37:53.821Z] >>> [apiv2][body] POST https://cloudresourcemanager.googleapis.com/v1/projects/hmrg-farms:testIamPermissions {"permissions":["firebase.projects.get"]}
[debug] [2024-01-02T22:37:55.459Z] <<< [apiv2][status] POST https://cloudresourcemanager.googleapis.com/v1/projects/hmrg-farms:testIamPermissions 200
[debug] [2024-01-02T22:37:55.459Z] <<< [apiv2][body] POST https://cloudresourcemanager.googleapis.com/v1/projects/hmrg-farms:testIamPermissions {"permissions":["firebase.projects.get"]}
[info] 
[info] Firestore Security Rules allow you to define how and when to allow
[info] requests. You can keep these rules in your project directory
[info] and publish them with firebase deploy.
[info] 
[debug] [2024-01-02T22:38:00.350Z] >>> [apiv2][query] GET https://firebaserules.googleapis.com/v1/projects/hmrg-farms/releases pageSize=10&pageToken=
[debug] [2024-01-02T22:38:01.622Z] <<< [apiv2][status] GET https://firebaserules.googleapis.com/v1/projects/hmrg-farms/releases 200
[debug] [2024-01-02T22:38:01.623Z] <<< [apiv2][body] GET https://firebaserules.googleapis.com/v1/projects/hmrg-farms/releases {"releases":[{"name":"projects/hmrg-farms/releases/cloud.firestore","rulesetName":"projects/hmrg-farms/rulesets/fc1c8880-340d-4d60-b1af-d845c72e9b91","createTime":"2024-01-02T22:30:10.152235Z","updateTime":"2024-01-02T22:30:10.152235Z"}]}
[debug] [2024-01-02T22:38:01.624Z] Found ruleset: projects/hmrg-farms/rulesets/fc1c8880-340d-4d60-b1af-d845c72e9b91
[debug] [2024-01-02T22:38:01.624Z] >>> [apiv2][query] GET https://firebaserules.googleapis.com/v1/projects/hmrg-farms/rulesets/fc1c8880-340d-4d60-b1af-d845c72e9b91 [none]
[debug] [2024-01-02T22:38:02.824Z] <<< [apiv2][status] GET https://firebaserules.googleapis.com/v1/projects/hmrg-farms/rulesets/fc1c8880-340d-4d60-b1af-d845c72e9b91 200
[debug] [2024-01-02T22:38:02.824Z] <<< [apiv2][body] GET https://firebaserules.googleapis.com/v1/projects/hmrg-farms/rulesets/fc1c8880-340d-4d60-b1af-d845c72e9b91 [omitted]
[info] 
[info] Firestore indexes allow you to perform complex queries while
[info] maintaining performance that scales with the size of the result
[info] set. You can keep index definitions in your project directory
[info] and publish them with firebase deploy.
[info] 
[debug] [2024-01-02T22:38:05.498Z] >>> [apiv2][query] GET https://firestore.googleapis.com/v1/projects/hmrg-farms/databases/(default)/collectionGroups/-/indexes [none]
[debug] [2024-01-02T22:38:05.531Z] >>> [apiv2][query] GET https://firestore.googleapis.com/v1/projects/hmrg-farms/databases/(default)/collectionGroups/-/fields?filter=indexConfig.usesAncestorConfig=false OR ttlConfig:* [none]
[debug] [2024-01-02T22:38:07.066Z] <<< [apiv2][status] GET https://firestore.googleapis.com/v1/projects/hmrg-farms/databases/(default)/collectionGroups/-/indexes 200
[debug] [2024-01-02T22:38:07.067Z] <<< [apiv2][body] GET https://firestore.googleapis.com/v1/projects/hmrg-farms/databases/(default)/collectionGroups/-/indexes {}
[debug] [2024-01-02T22:38:07.102Z] <<< [apiv2][status] GET https://firestore.googleapis.com/v1/projects/hmrg-farms/databases/(default)/collectionGroups/-/fields?filter=indexConfig.usesAncestorConfig=false OR ttlConfig:* 200
[debug] [2024-01-02T22:38:07.102Z] <<< [apiv2][body] GET https://firestore.googleapis.com/v1/projects/hmrg-farms/databases/(default)/collectionGroups/-/fields?filter=indexConfig.usesAncestorConfig=false OR ttlConfig:* {"fields":[{"name":"projects/hmrg-farms/databases/(default)/collectionGroups/__default__/fields/*","indexConfig":{"indexes":[{"queryScope":"COLLECTION","fields":[{"fieldPath":"*","order":"ASCENDING"}],"state":"READY"},{"queryScope":"COLLECTION","fields":[{"fieldPath":"*","order":"DESCENDING"}],"state":"READY"},{"queryScope":"COLLECTION","fields":[{"fieldPath":"*","arrayConfig":"CONTAINS"}],"state":"READY"}]}}]}
[info] 
=== Functions Setup
[debug] [2024-01-02T22:38:07.118Z] > command requires scopes: ["email","openid","https://www.googleapis.com/auth/cloudplatformprojects.readonly","https://www.googleapis.com/auth/firebase","https://www.googleapis.com/auth/cloud-platform"]
[debug] [2024-01-02T22:38:07.118Z] > authorizing via signed-in user (jessefarouk@gmail.com)
[debug] [2024-01-02T22:38:07.119Z] [iam] checking project hmrg-farms for permissions ["firebase.projects.get"]
[debug] [2024-01-02T22:38:07.120Z] >>> [apiv2][query] POST https://cloudresourcemanager.googleapis.com/v1/projects/hmrg-farms:testIamPermissions [none]
[debug] [2024-01-02T22:38:07.120Z] >>> [apiv2][(partial)header] POST https://cloudresourcemanager.googleapis.com/v1/projects/hmrg-farms:testIamPermissions x-goog-quota-user=projects/hmrg-farms
[debug] [2024-01-02T22:38:07.120Z] >>> [apiv2][body] POST https://cloudresourcemanager.googleapis.com/v1/projects/hmrg-farms:testIamPermissions {"permissions":["firebase.projects.get"]}
[debug] [2024-01-02T22:38:08.971Z] <<< [apiv2][status] POST https://cloudresourcemanager.googleapis.com/v1/projects/hmrg-farms:testIamPermissions 200
[debug] [2024-01-02T22:38:08.972Z] <<< [apiv2][body] POST https://cloudresourcemanager.googleapis.com/v1/projects/hmrg-farms:testIamPermissions {"permissions":["firebase.projects.get"]}
[debug] [2024-01-02T22:38:08.973Z] >>> [apiv2][query] GET https://serviceusage.googleapis.com/v1/projects/hmrg-farms/services/cloudfunctions.googleapis.com [none]
[debug] [2024-01-02T22:38:08.973Z] >>> [apiv2][(partial)header] GET https://serviceusage.googleapis.com/v1/projects/hmrg-farms/services/cloudfunctions.googleapis.com x-goog-quota-user=projects/hmrg-farms
[debug] [2024-01-02T22:38:08.991Z] >>> [apiv2][query] GET https://serviceusage.googleapis.com/v1/projects/hmrg-farms/services/runtimeconfig.googleapis.com [none]
[debug] [2024-01-02T22:38:08.992Z] >>> [apiv2][(partial)header] GET https://serviceusage.googleapis.com/v1/projects/hmrg-farms/services/runtimeconfig.googleapis.com x-goog-quota-user=projects/hmrg-farms
[debug] [2024-01-02T22:38:10.197Z] <<< [apiv2][status] GET https://serviceusage.googleapis.com/v1/projects/hmrg-farms/services/runtimeconfig.googleapis.com 200
[debug] [2024-01-02T22:38:10.197Z] <<< [apiv2][body] GET https://serviceusage.googleapis.com/v1/projects/hmrg-farms/services/runtimeconfig.googleapis.com [omitted]
[debug] [2024-01-02T22:38:10.212Z] <<< [apiv2][status] GET https://serviceusage.googleapis.com/v1/projects/hmrg-farms/services/cloudfunctions.googleapis.com 200
[debug] [2024-01-02T22:38:10.212Z] <<< [apiv2][body] GET https://serviceusage.googleapis.com/v1/projects/hmrg-farms/services/cloudfunctions.googleapis.com [omitted]
[info] Let's create a new codebase for your functions.
[info] A directory corresponding to the codebase will be created in your project
[info] with sample code pre-configured.

[info] See https://firebase.google.com/docs/functions/organize-functions for
[info] more information on organizing your functions using codebases.

[info] Functions can be deployed with firebase deploy.

[info] ✔  Wrote functions/requirements.txt 
[info] ✔  Wrote functions/.gitignore 
[info] ✔  Wrote functions/main.py 
[debug] [2024-01-02T23:26:29.305Z] Running command with virtualenv: command=., args=["\"/Users/jessezac/PycharmProjects/hmrgFarms/functions/venv/bin/activate\"","&&","pip3","install","--upgrade","pip"]
[debug] [2024-01-02T23:26:30.695Z] Running command with virtualenv: command=., args=["\"/Users/jessezac/PycharmProjects/hmrgFarms/functions/venv/bin/activate\"","&&","python3.11","-m","pip","install","-r","requirements.txt"]
[info] 
=== Hosting Setup
[debug] [2024-01-02T23:26:32.020Z] > refreshing access token with scopes: []
[debug] [2024-01-02T23:26:32.021Z] >>> [apiv2][query] POST https://www.googleapis.com/oauth2/v3/token [none]
[debug] [2024-01-02T23:26:32.022Z] >>> [apiv2][body] POST https://www.googleapis.com/oauth2/v3/token [omitted]
[debug] [2024-01-02T23:26:32.340Z] <<< [apiv2][status] POST https://www.googleapis.com/oauth2/v3/token 200
[debug] [2024-01-02T23:26:32.340Z] <<< [apiv2][body] POST https://www.googleapis.com/oauth2/v3/token [omitted]
[debug] [2024-01-02T23:26:32.366Z] >>> [apiv2][query] GET https://firebase.googleapis.com/v1beta1/projects/hmrg-farms [none]
[debug] [2024-01-02T23:26:32.840Z] <<< [apiv2][status] GET https://firebase.googleapis.com/v1beta1/projects/hmrg-farms 200
[debug] [2024-01-02T23:26:32.840Z] <<< [apiv2][body] GET https://firebase.googleapis.com/v1beta1/projects/hmrg-farms {"projectId":"hmrg-farms","projectNumber":"400339782389","displayName":"hmrg-farms","name":"projects/hmrg-farms","resources":{"hostingSite":"hmrg-farms","realtimeDatabaseInstance":"hmrg-farms-default-rtdb"},"state":"ACTIVE","etag":"1_cafb22e2-34a0-4541-8a5d-8daf13f44eb8"}
[info] 
[info] Your public directory is the folder (relative to your project directory) that
[info] will contain Hosting assets to be uploaded with firebase deploy. If you
[info] have a build process for your assets, use your build's output directory.
[info] 
[debug] [2024-01-02T23:26:42.861Z] >>> [apiv2][query] GET https://www.gstatic.com/firebasejs/releases.json [none]
[debug] [2024-01-02T23:26:43.411Z] <<< [apiv2][status] GET https://www.gstatic.com/firebasejs/releases.json 200
[debug] [2024-01-02T23:26:43.411Z] <<< [apiv2][body] GET https://www.gstatic.com/firebasejs/releases.json {"current":{"version":"10.7.1","browserURL":"https://www.gstatic.com/firebasejs/10.7.1/firebase.js","packageURL":"https://www.gstatic.com/firebasejs/10.7.1/firebase.tgz"},"live":{"version":"10.7","browserURL":"https://www.gstatic.com/firebasejs/live/10.7/firebase.js","packageURL":"https://www.gstatic.com/firebasejs/live/10.7/firebase.tgz"},"components":{"analytics":"https://www.gstatic.com/firebasejs/10.7.1/firebase-analytics.js","app":"https://www.gstatic.com/firebasejs/10.7.1/firebase-app.js","app-check":"https://www.gstatic.com/firebasejs/10.7.1/firebase-app-check.js","auth":"https://www.gstatic.com/firebasejs/10.7.1/firebase-auth.js","auth/cordova":"https://www.gstatic.com/firebasejs/10.7.1/firebase-auth/cordova.js","functions":"https://www.gstatic.com/firebasejs/10.7.1/firebase-functions.js","firestore":"https://www.gstatic.com/firebasejs/10.7.1/firebase-firestore.js","firestore/lite":"https://www.gstatic.com/firebasejs/10.7.1/firebase-firestore/lite.js","installations":"https://www.gstatic.com/firebasejs/10.7.1/firebase-installations.js","storage":"https://www.gstatic.com/firebasejs/10.7.1/firebase-storage.js","performance":"https://www.gstatic.com/firebasejs/10.7.1/firebase-performance.js","remote-config":"https://www.gstatic.com/firebasejs/10.7.1/firebase-remote-config.js","messaging":"https://www.gstatic.com/firebasejs/10.7.1/firebase-messaging.js","messaging/sw":"https://www.gstatic.com/firebasejs/10.7.1/firebase-messaging/sw.js","database":"https://www.gstatic.com/firebasejs/10.7.1/firebase-database.js","firestore.memory":"https://www.gstatic.com/firebasejs/10.7.1/firebase-firestore.memory.js"}}
[info] ✔  Wrote public/index.html 
[info] 
[info] i  Didn't detect a .git folder. Assuming /Users/jessezac/PycharmProjects/hmrgFarms is the project root. 
[info] i  Authorizing with GitHub to upload your service account to a GitHub repository's secrets store. 
[info] 
[info] Visit this URL on this device to log in:
[info] https://github.com/login/oauth/authorize?client_id=89cf50f02ac6aaed3484&state=122676808&redirect_uri=http%3A%2F%2Flocalhost%3A9005&scope=read%3Auser%20repo%20public_repo
[info] 
[info] Waiting for authentication...
[debug] [2024-01-02T23:27:11.352Z] >>> [apiv2][query] POST https://github.com/login/oauth/access_token [none]
[debug] [2024-01-02T23:27:11.353Z] >>> [apiv2][body] POST https://github.com/login/oauth/access_token [stream]
[debug] [2024-01-02T23:27:11.923Z] <<< [apiv2][status] POST https://github.com/login/oauth/access_token 200
[debug] [2024-01-02T23:27:11.923Z] <<< [apiv2][body] POST https://github.com/login/oauth/access_token {"access_token":"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","token_type":"bearer","scope":"read:user,repo"}
[debug] [2024-01-02T23:27:11.928Z] >>> [apiv2][query] GET https://api.github.com/user [none]
[debug] [2024-01-02T23:27:12.636Z] <<< [apiv2][status] GET https://api.github.com/user 200
[debug] [2024-01-02T23:27:12.636Z] <<< [apiv2][body] GET https://api.github.com/user {"login":"JesseZack","id":73463921,"node_id":"MDQ6VXNlcjczNDYzOTIx","avatar_url":"https://avatars.githubusercontent.com/u/73463921?v=4","gravatar_id":"","url":"https://api.github.com/users/JesseZack","html_url":"https://github.com/JesseZack","followers_url":"https://api.github.com/users/JesseZack/followers","following_url":"https://api.github.com/users/JesseZack/following{/other_user}","gists_url":"https://api.github.com/users/JesseZack/gists{/gist_id}","starred_url":"https://api.github.com/users/JesseZack/starred{/owner}{/repo}","subscriptions_url":"https://api.github.com/users/JesseZack/subscriptions","organizations_url":"https://api.github.com/users/JesseZack/orgs","repos_url":"https://api.github.com/users/JesseZack/repos","events_url":"https://api.github.com/users/JesseZack/events{/privacy}","received_events_url":"https://api.github.com/users/JesseZack/received_events","type":"User","site_admin":false,"name":null,"company":null,"blog":"","location":null,"email":null,"hireable":null,"bio":null,"twitter_username":null,"public_repos":4,"public_gists":1,"followers":0,"following":1,"created_at":"2020-10-26T07:53:11Z","updated_at":"2023-10-31T19:50:27Z","private_gists":0,"total_private_repos":10,"owned_private_repos":10,"disk_usage":148370,"collaborators":0,"two_factor_authentication":false,"plan":{"name":"free","space":976562499,"collaborators":0,"private_repos":10000}}
[info] 
[info] ✔  Success! Logged into GitHub as JesseZack 
[info] 
